2025/09/21: 05.10.34 (LOCAL)	Book 79 error. Ref integ.
2025/09/21: 05.55.57 (LOCAL)	Original: /mnt/c/d_drive/USR/code/2024_00_00_Java/BookProjects/_archive/biblia/src/biblia/LibraryImportBible.java
2025/09/21: 07.15.38 (LOCAL)	Database re-created using python in __init__.py. Uploaded.
2025/09/21: 07.15.56 (LOCAL)	Searching enabled. Uploaded & in-sync.
2025/09/21: 14.39.09 (LOCAL)	Working on note taking.
2025/09/21: 16.16.42 (LOCAL)	Notes working - need to display.
2025/09/21: 19.10.17 (LOCAL)	Notes looking good. Editing under test.
2025/09/22: 07.06.06 (LOCAL)	Stars and Notes working. Uploaded.
2025/09/23: 06.00.17 (LOCAL)	in-sync with https://github.com/DoctorQuote/The-Stick-of-Joseph
2025/09/23: 07.18.56 (LOCAL)	exit(0)
2025/09/23: 08.26.15 (LOCAL)	Uploaded bible9000-2025.9.23-py3-none-any to PyPi from MintFlagship24.
2025/09/24: 16.55.06 (LOCAL)	SqlNote objectification complete.
2025/09/26: 08.03.07 (LOCAL)	local changes underway.
2025/09/26: 11.59.58 (LOCAL)	Major changes - look good!
2025/09/26: 14.46.34 (LOCAL)	Uploaded to GitHub.
2025/09/26: 15.12.52 (LOCAL)	Subject managements.
2025/09/26: 16.25.35 (LOCAL)	Uploaded. In sync.
2025/09/27: 07.07.02 (LOCAL)	Added backup & restore. Works well.
2025/09/27: 11.01.06 (LOCAL)	Database reset ok (-w- autobackup.)
2025/09/27: 14.40.41 (LOCAL)	HTML Report - Style from MM #4.
2025/09/28: 03.14.08 (LOCAL)	Uploaded to GitHub.
2025/09/28: 03.14.43 (LOCAL)	Marking for 2nd release.
2025/09/29: 06.17.41 (LOCAL)	Subject groups added to MyReport.html.
2025/09/29: 06.18.19 (LOCAL)	Uploaded to GitHub.
2025/09/30: 17.47.22 (LOCAL)	Revised menus. Extended subject management to entire db.
2025/09/30: 17.47.42 (LOCAL)	Uploaded to GitHub.
2025/10/01: 04.55.22 (LOCAL)	Implemented FastPath.
2025/10/01: 05.08.46 (LOCAL)	Uploaded to GitHub.
2025/10/01: 12.57.42 (LOCAL)	Rev 2.0.0 uploaded to PyPi.org
2025/10/02: 12.11.59 (LOCAL)	Version 2.0.1 to PyPy and GitHub. (Reporting Fix / Update.)
2025/10/05: 00.46.53 (LOCAL)	Stars were AWOL on HTML Report. Fixed.
2025/10/08: 05.55.47 (LOCAL)	Total FastPath Ops.
2025/10/08: 05.56.15 (LOCAL)	Rev 2.0.3.
2025/10/08: 06.25.04 (LOCAL)	In-sync with the hub.
2026/01/12: 10.58.43 (LOCAL)	Created The Mighty Maxims Reader. Copied bible9000 to RnD folder from todays archive of same.
2026/01/15: 09.36.15 (LOCAL)	Basic archive artifacts assured.
2026/01/15: 10.53.00 (LOCAL)	In sync with github. Archive downloaded, as well.
2026/01/15: 11.00.12 (LOCAL)	Updating.
